gradle-build/Aliyunplayer/player_demo/intermediates/manifest_merge_blame_file/debug/manifest-merger-blame-debug-report.txt
1<?xml version="1.0" encoding="utf-8"?>
2<manifest xmlns:android="http://schemas.android.com/apk/res/android"
3    package="com.aliyun.vodplayer"
4    android:versionCode="1"
5    android:versionName="1.0" >
6
7    <uses-sdk
8        android:minSdkVersion="15"
8-->src\main\AndroidManifest.xml
9        android:targetSdkVersion="26" />
9-->src\main\AndroidManifest.xml
10
11    <uses-permission android:name="android.permission.ACCESS_NETWORK_STATE" />
11-->src\main\AndroidManifest.xml:5:5-79
11-->src\main\AndroidManifest.xml:5:22-76
12    <uses-permission android:name="android.permission.ACCESS_WIFI_STATE" />
12-->src\main\AndroidManifest.xml:6:5-76
12-->src\main\AndroidManifest.xml:6:22-73
13    <uses-permission android:name="android.permission.INTERNET" />
13-->src\main\AndroidManifest.xml:7:5-67
13-->src\main\AndroidManifest.xml:7:22-64
14    <uses-permission android:name="android.permission.WRITE_EXTERNAL_STORAGE" />
14-->src\main\AndroidManifest.xml:8:5-81
14-->src\main\AndroidManifest.xml:8:22-78
15    <uses-permission android:name="android.permission.WAKE_LOCK" />
15-->src\main\AndroidManifest.xml:9:5-68
15-->src\main\AndroidManifest.xml:9:22-65
16    <uses-permission android:name="android.permission.READ_PHONE_STATE" />
16-->src\main\AndroidManifest.xml:10:5-75
16-->src\main\AndroidManifest.xml:10:22-72
17    <uses-permission android:name="android.permission.WRITE_SETTINGS" />
17-->src\main\AndroidManifest.xml:11:5-73
17-->src\main\AndroidManifest.xml:11:22-70
18    <uses-permission android:name="android.permission.READ_EXTERNAL_STORAGE" />
18-->src\main\AndroidManifest.xml:12:5-79
18-->src\main\AndroidManifest.xml:12:22-77
19    <uses-permission android:name="android.permission.CHANGE_WIFI_MULTICAST_STATE" />
19-->src\main\AndroidManifest.xml:13:5-86
19-->src\main\AndroidManifest.xml:13:22-83
20
21    <application
21-->src\main\AndroidManifest.xml:15:5-33:19
22        android:allowBackup="true"
22-->src\main\AndroidManifest.xml:16:9-35
23        android:supportsRtl="true" >
23-->src\main\AndroidManifest.xml:17:9-35
24        <activity
24-->src\main\AndroidManifest.xml:18:9-22:20
25            android:name="com.aliyun.vodplayerview.activity.AliyunPlayerSettingActivity"
25-->src\main\AndroidManifest.xml:19:13-89
26            android:configChanges="orientation|keyboardHidden|screenSize"
26-->src\main\AndroidManifest.xml:20:13-74
27            android:screenOrientation="portrait" >
27-->src\main\AndroidManifest.xml:21:13-49
28        </activity>
29        <activity
29-->src\main\AndroidManifest.xml:24:9-28:20
30            android:name="com.aliyun.vodplayerview.activity.AliyunPlayerSkinActivity"
30-->src\main\AndroidManifest.xml:24:19-92
31            android:configChanges="orientation|keyboardHidden|screenSize"
31-->src\main\AndroidManifest.xml:25:13-74
32            android:screenOrientation="portrait"
32-->src\main\AndroidManifest.xml:26:13-49
33            android:theme="@style/Theme.AppCompat.NoActionBar" >
33-->src\main\AndroidManifest.xml:27:13-63
34        </activity>
35
36        <service
36-->src\main\AndroidManifest.xml:30:9-31:39
37            android:name="com.aliyun.vodplayerview.view.dlna.service.ClingUpnpService"
37-->src\main\AndroidManifest.xml:30:18-92
38            android:exported="false" />
38-->src\main\AndroidManifest.xml:31:13-37
39    </application>
40
41</manifest>